{"container_name":"/test_vizualizer.1.z7d9vmi7pkj2cr2wkt2m7jfl5","source":"stderr","log":"npm info it worked if it ends with ok","container_id":"a644a87b0b3f8a71cb6ba578a4c6f6581a40e6c0582c390439adbc403c25ea7e"}
{"container_id":"a644a87b0b3f8a71cb6ba578a4c6f6581a40e6c0582c390439adbc403c25ea7e","container_name":"/test_vizualizer.1.z7d9vmi7pkj2cr2wkt2m7jfl5","source":"stderr","log":"npm info using npm@5.3.0"}
{"container_id":"a644a87b0b3f8a71cb6ba578a4c6f6581a40e6c0582c390439adbc403c25ea7e","container_name":"/test_vizualizer.1.z7d9vmi7pkj2cr2wkt2m7jfl5","source":"stderr","log":"npm info using node@v8.2.1"}
{"log":"npm info lifecycle swarmVisualizer@0.0.1~prestart: swarmVisualizer@0.0.1","container_id":"a644a87b0b3f8a71cb6ba578a4c6f6581a40e6c0582c390439adbc403c25ea7e","container_name":"/test_vizualizer.1.z7d9vmi7pkj2cr2wkt2m7jfl5","source":"stderr"}
{"source":"stderr","log":"npm info lifecycle swarmVisualizer@0.0.1~start: swarmVisualizer@0.0.1","container_id":"a644a87b0b3f8a71cb6ba578a4c6f6581a40e6c0582c390439adbc403c25ea7e","container_name":"/test_vizualizer.1.z7d9vmi7pkj2cr2wkt2m7jfl5"}
{"container_id":"a644a87b0b3f8a71cb6ba578a4c6f6581a40e6c0582c390439adbc403c25ea7e","container_name":"/test_vizualizer.1.z7d9vmi7pkj2cr2wkt2m7jfl5","source":"stdout","log":""}
{"container_name":"/test_vizualizer.1.z7d9vmi7pkj2cr2wkt2m7jfl5","source":"stdout","log":"> swarmVisualizer@0.0.1 start /app","container_id":"a644a87b0b3f8a71cb6ba578a4c6f6581a40e6c0582c390439adbc403c25ea7e"}
{"container_id":"a644a87b0b3f8a71cb6ba578a4c6f6581a40e6c0582c390439adbc403c25ea7e","container_name":"/test_vizualizer.1.z7d9vmi7pkj2cr2wkt2m7jfl5","source":"stdout","log":"> node server.js"}
{"container_id":"a644a87b0b3f8a71cb6ba578a4c6f6581a40e6c0582c390439adbc403c25ea7e","container_name":"/test_vizualizer.1.z7d9vmi7pkj2cr2wkt2m7jfl5","source":"stdout","log":""}
{"source":"stderr","log":"npm info it worked if it ends with ok","container_id":"56ad0dc81245ae0e993e448373c5b4606b97103dce0e8367b1b478a60f96eb13","container_name":"/test_vizualizer.1.ve1s203qyf7xjoxfiawvto1u2"}
{"container_id":"56ad0dc81245ae0e993e448373c5b4606b97103dce0e8367b1b478a60f96eb13","container_name":"/test_vizualizer.1.ve1s203qyf7xjoxfiawvto1u2","source":"stderr","log":"npm info using npm@5.3.0"}
{"container_id":"56ad0dc81245ae0e993e448373c5b4606b97103dce0e8367b1b478a60f96eb13","container_name":"/test_vizualizer.1.ve1s203qyf7xjoxfiawvto1u2","source":"stderr","log":"npm info using node@v8.2.1"}
{"log":"npm info lifecycle swarmVisualizer@0.0.1~prestart: swarmVisualizer@0.0.1","container_id":"56ad0dc81245ae0e993e448373c5b4606b97103dce0e8367b1b478a60f96eb13","container_name":"/test_vizualizer.1.ve1s203qyf7xjoxfiawvto1u2","source":"stderr"}
{"container_id":"56ad0dc81245ae0e993e448373c5b4606b97103dce0e8367b1b478a60f96eb13","container_name":"/test_vizualizer.1.ve1s203qyf7xjoxfiawvto1u2","source":"stderr","log":"npm info lifecycle swarmVisualizer@0.0.1~start: swarmVisualizer@0.0.1"}
{"log":"","container_id":"56ad0dc81245ae0e993e448373c5b4606b97103dce0e8367b1b478a60f96eb13","container_name":"/test_vizualizer.1.ve1s203qyf7xjoxfiawvto1u2","source":"stdout"}
{"container_id":"56ad0dc81245ae0e993e448373c5b4606b97103dce0e8367b1b478a60f96eb13","container_name":"/test_vizualizer.1.ve1s203qyf7xjoxfiawvto1u2","source":"stdout","log":"> swarmVisualizer@0.0.1 start /app"}
{"log":"> node server.js","container_id":"56ad0dc81245ae0e993e448373c5b4606b97103dce0e8367b1b478a60f96eb13","container_name":"/test_vizualizer.1.ve1s203qyf7xjoxfiawvto1u2","source":"stdout"}
{"container_id":"56ad0dc81245ae0e993e448373c5b4606b97103dce0e8367b1b478a60f96eb13","container_name":"/test_vizualizer.1.ve1s203qyf7xjoxfiawvto1u2","source":"stdout","log":""}
{"container_id":"8518141a9f06bd5c68a91242245cde443bb1c26a91926944d46a3a1ddd31576a","container_name":"/test_vizualizer.1.n9ygdtov01466hcfp8tfjlogf","source":"stderr","log":"npm info it worked if it ends with ok"}
{"source":"stderr","log":"npm info using npm@5.3.0","container_id":"8518141a9f06bd5c68a91242245cde443bb1c26a91926944d46a3a1ddd31576a","container_name":"/test_vizualizer.1.n9ygdtov01466hcfp8tfjlogf"}
{"container_id":"8518141a9f06bd5c68a91242245cde443bb1c26a91926944d46a3a1ddd31576a","container_name":"/test_vizualizer.1.n9ygdtov01466hcfp8tfjlogf","source":"stderr","log":"npm info using node@v8.2.1"}
{"container_id":"8518141a9f06bd5c68a91242245cde443bb1c26a91926944d46a3a1ddd31576a","container_name":"/test_vizualizer.1.n9ygdtov01466hcfp8tfjlogf","source":"stderr","log":"npm info lifecycle swarmVisualizer@0.0.1~prestart: swarmVisualizer@0.0.1"}
{"source":"stderr","log":"npm info lifecycle swarmVisualizer@0.0.1~start: swarmVisualizer@0.0.1","container_id":"8518141a9f06bd5c68a91242245cde443bb1c26a91926944d46a3a1ddd31576a","container_name":"/test_vizualizer.1.n9ygdtov01466hcfp8tfjlogf"}
{"container_id":"8518141a9f06bd5c68a91242245cde443bb1c26a91926944d46a3a1ddd31576a","container_name":"/test_vizualizer.1.n9ygdtov01466hcfp8tfjlogf","source":"stdout","log":""}
{"source":"stdout","log":"> swarmVisualizer@0.0.1 start /app","container_id":"8518141a9f06bd5c68a91242245cde443bb1c26a91926944d46a3a1ddd31576a","container_name":"/test_vizualizer.1.n9ygdtov01466hcfp8tfjlogf"}
{"container_id":"8518141a9f06bd5c68a91242245cde443bb1c26a91926944d46a3a1ddd31576a","container_name":"/test_vizualizer.1.n9ygdtov01466hcfp8tfjlogf","source":"stdout","log":"> node server.js"}
{"container_name":"/test_vizualizer.1.n9ygdtov01466hcfp8tfjlogf","source":"stdout","log":"","container_id":"8518141a9f06bd5c68a91242245cde443bb1c26a91926944d46a3a1ddd31576a"}
